         w __deregister_frame_info
         w __register_frame_info
         w userAppExit
         w userAppInit
00000000 00000802 B __ctru_dev_utf16_buf
00000000 A __sync_synchronize
00000000 b _TLS_MODULE_BASE_
00000000 a shift
00000000 a shift
00000804 00000401 B __ctru_dev_path_buf
00100000 A __start__
00100000 T _start
00100008 T __service_ptr
0010000c T __apt_appid
00100010 T __heap_size
00100014 T __linear_heap_size
00100018 T __system_arglist
0010001c T __system_runflags
00100020 t startup
00100058 t ClearMem
0010006c t ClrLoop
00100094 T _init
001000ac t .udivsi3_skip_div0_test
001000ac T __aeabi_uidiv
001000ac 000001ec T __udivsi3
00100298 00000020 T __aeabi_uidivmod
001002b8 00000004 W __aeabi_idiv0
001002b8 00000004 W __aeabi_ldiv0
001002bc T __aeabi_drsub
001002c4 000002b0 T __aeabi_dsub
001002c4 000002b0 T __subdf3
001002c8 000002ac T __adddf3
001002c8 000002ac T __aeabi_dadd
00100574 00000024 T __aeabi_ui2d
00100574 00000024 T __floatunsidf
00100598 00000028 T __aeabi_i2d
00100598 00000028 T __floatsidf
001005c0 00000048 T __aeabi_f2d
001005c0 00000048 T __extendsfdf2
00100608 00000074 T __aeabi_ul2d
00100608 00000074 T __floatundidf
0010061c 00000060 T __aeabi_l2d
0010061c 00000060 T __floatdidf
0010067c T __aeabi_ldivmod
00100750 T __aeabi_uldivmod
001007a8 00000390 T strcmp
00100b30 T __aeabi_idiv
00100b30 00000220 T __divsi3
00100b38 t .divsi3_skip_div0_test
00100d50 00000020 T __aeabi_idivmod
00100d70 t __do_global_dtors_aux
00100db0 t frame_dummy
00100ddc 000000b4 T mergemines
00100e90 000000ec T init_sprites_board
00100f7c 00000178 T init_sprites_all
001010f4 00000148 T count_next_mines
0010123c 000000c8 T sweep_land
00101304 00000064 T place_flag
00101368 00000058 T explote_mines
001013c0 00000080 T modify_land
00101440 000000a0 T touch_land
001014e0 000000e0 T move_square_cursor
001015c0 000000bc T draw_square
0010167c 00000164 T draw_counter_number_pair
001017e0 0000018c T draw_top_squares
0010196c 000001fc T draw_board_bottom
00101b68 000000ac T draw_top
00101c14 000003d4 T main
00101fe8 00000044 t C2Di_FrameEndHook
00102030 0000036c T C2D_Init
0010239c 0000004c T C2D_Fini
001023e8 000000b8 T C2D_Prepare
001024a0 00000048 T C2D_Flush
001024e8 00000104 T C2D_SceneSize
001025ec 00000058 T C2D_CreateScreenTarget
00102644 00000064 T C2D_TargetClear
001026a8 0000013c T C2Di_CalcQuad
001027e4 00000058 T C2Di_AppendQuad
0010283c 00000550 T C2Di_Update
00102d8c 000002b0 T C2D_DrawImage
0010303c 000001dc T C2D_DrawLine
00103218 00000158 T C2D_DrawRectangle
00103370 0000006c T C2D_SpriteSheetLoadFromHandle
001033dc 00000048 T C2D_SpriteSheetLoad
00103424 00000028 T C2D_SpriteSheetFree
0010344c 0000002c T C2D_SpriteSheetGetImage
00103478 00000028 T AttrInfo_Init
001034a0 00000094 T AttrInfo_AddLoader
00103534 00000054 T C3D_SetAttrInfo
00103588 00000080 T C3Di_AttrInfoBind
00103608 00000004 W C3Di_LightEnvUpdate
0010360c 00000004 W C3Di_LightEnvDirty
00103610 000000b4 t C3Di_AptEventHook
001036c4 00000004 W C3Di_GasUpdate
001036c8 000001d0 T C3D_Init
00103898 00000098 T C3D_SetViewport
00103930 000004e8 T C3Di_UpdateContext
00103e18 000000e0 T C3Di_SplitFrame
00103ef8 00000044 T C3D_Fini
00103f3c 00000194 T C3D_BindProgram
001040d0 00000024 T BufInfo_Init
001040f4 00000080 T BufInfo_Add
00104174 0000003c T C3D_SetBufInfo
001041b0 00000048 T C3Di_BufInfoBind
001041f8 0000021c T C3D_DrawElements
00104414 00000040 T C3D_DepthMap
00104454 0000001c T C3D_CullFace
00104470 00000040 T C3D_StencilTest
001044b0 00000024 T C3D_StencilOp
001044d4 0000001c T C3D_BlendingColor
001044f0 00000024 T C3D_EarlyDepthTest
00104514 0000002c T C3D_DepthTest
00104540 0000002c T C3D_AlphaTest
0010456c 00000050 T C3D_AlphaBlend
001045bc 00000030 T C3D_FragOpMode
001045ec 00000044 T C3D_FragOpShadow
00104630 000001ac T C3Di_EffectBind
001047dc 0000001c T C3D_CalcColorBufSize
001047f8 0000001c T C3D_CalcDepthBufSize
00104814 00000044 T C3D_SetFrameBuf
00104858 0000016c T C3Di_FrameBufBind
001049c4 000000c8 T C3D_FrameBufClear
00104a8c 00000044 T C3D_FrameBufTransfer
00104ad0 000000a8 T C3D_ImmSendAttrib
00104b78 00000070 T C3D_ProcTexInit
00104be8 00000054 T C3D_ProcTexBind
00104c3c 0000005c T C3D_ProcTexLutBind
00104c98 000000a4 T ProcTexLut_FromArray
00104d3c 00000178 T C3Di_ProcTexUpdate
00104eb4 00000068 T C3Di_ProcTexDirty
00104f1c 0000004c t onVBlank0
00104f68 0000004c t onVBlank1
00104fb4 00000080 t C3Di_RenderTargetDestroy
00105034 000000f4 t onQueueFinish
00105128 00000038 T C3Di_RenderQueueEnableVBlank
00105160 00000030 T C3Di_RenderQueueDisableVBlank
00105190 00000060 T C3Di_RenderQueueInit
001051f0 000000b4 T C3Di_RenderQueueExit
001052a4 00000034 T C3Di_RenderQueueWaitDone
001052d8 000000e8 T C3D_FrameBegin
001053c0 00000048 T C3D_FrameDrawOn
00105408 00000058 T C3D_FrameSplit
00105460 000001d0 T C3D_FrameEnd
00105630 0000001c T C3D_FrameEndHook
0010564c 00000170 T C3D_RenderTargetCreate
001057bc 000000a8 T C3D_RenderTargetSetOutput
00105864 000000fc T C3D_SyncTextureCopy
00105960 000003d8 t Tex3DSi_ImportCommon
00105d38 00000038 T Tex3DS_TextureImportStdio
00105d70 0000001c T Tex3DS_GetSubTexture
00105d8c 00000004 T Tex3DS_TextureFree
00105d90 00000034 T C3D_GetTexEnv
00105dc4 00000024 T C3Di_TexEnvBind
00105de8 00000290 T C3D_TexInitWithParams
00106078 000000c8 T C3D_TexLoadImage
00106140 00000044 T C3D_TexBind
00106184 00000074 T C3D_TexDelete
001061f8 0000014c T C3Di_SetTex
00106344 00000290 T C3D_UpdateUniforms
001065d4 000000c0 T C3Di_DirtyUniforms
00106694 000000d8 T C3Di_LoadShaderUniforms
0010676c 00000028 T C3Di_ClearShaderUniforms
00106794 000000cc T Mtx_Ortho
00106860 000000cc T Mtx_OrthoTilt
0010692c 00000024 t addrMapNodeComparator(rbtree_node const*, rbtree_node const*)
00106950 00000004 t addrMapNodeDestructor(rbtree_node*)
00106954 00000120 T linearMemAlign
00106a74 00000008 T linearAlloc
00106a7c 0000005c T linearFree
00106ad8 00000080 T MemPool::CoalesceRight(MemBlock*)
00106b58 0000016c T MemPool::Allocate(MemChunk&, unsigned long, int)
00106cc4 000000fc T MemPool::Deallocate(MemChunk const&)
00106dc0 00000030 T MemPool::GetFreeSpace()
00106df0 00000024 t addrMapNodeComparator(rbtree_node const*, rbtree_node const*)
00106e14 00000004 t addrMapNodeDestructor(rbtree_node*)
00106e18 0000024c T vramMemAlignAt
00107064 0000000c T vramAlloc
00107070 0000000c T vramAllocAt
0010707c 00000090 T vramFree
0010710c 000000d0 t gfxPresentFramebuffer
001071dc 0000001c T gfxIsWide
001071f8 000000ec T gfxSetScreenFormat
001072e4 000000e0 T gfxInit
001073c4 00000010 T gfxInitDefault
001073d4 000000b4 T gfxExit
00107488 000000a0 T gfxGetFramebuffer
00107528 00000030 T gfxScreenSwapBuffers
00107558 00000074 T osConvertVirtToPhys
001075cc 00000054 T osGetTimeRef
00107620 000000ec T osGetTime
0010770c 00000034 T __ctru_speedup_config
00107740 00000008 t romfs_close
00107748 000000c4 t romfs_seek
0010780c 00000024 t romfs_dirreset
00107830 000000c8 t fill_dir
001078f8 000002a8 t romfs_dirnext
00107ba0 00000084 t romfs_free
00107c24 000000d4 t searchForFile.constprop.0
00107cf8 000000d8 t searchForDir.constprop.0
00107dd0 000001c0 t navigateToDir.constprop.0
00107f90 0000010c t romfs_open
0010809c 0000004c t romfs_chdir
001080e8 00000070 t romfs_diropen
00108158 00000174 t romfs_stat
001082cc 00000008 t romfs_dirclose
001082d8 00000084 t romfs_fstat
0010835c 000000d0 t romfs_read
0010842c 0000028c T romfsMountFromFile
001086b8 00000098 T romfsMountFromCurrentProcess
00108750 00000260 T romfsMountSelf
001089b0 000000a0 T romfsUnmount
00108a50 0000013c T GPUCMD_Add
00108b8c 000000b0 T GPUCMD_Split
00108c3c 00000034 T f32tof16
00108c70 00000034 T f32tof24
00108ca4 00000038 T f32tof31
00108cdc 00000010 T GX_BindQueue
00108cec 00000078 T GX_ProcessCommandList
00108d64 00000074 T GX_MemoryFill
00108dd8 00000070 T GX_DisplayTransfer
00108e48 00000074 T GX_TextureCopy
00108ebc 00000068 t gxCmdQueueDoCommands.part.0
00108f24 000000c8 T gxCmdQueueInterrupt
00108fec 0000004c T gxCmdQueueClear
00109038 000000f8 T gxCmdQueueAdd
00109130 00000080 T gxCmdQueueRun
001091b0 00000060 T gxCmdQueueStop
00109210 0000008c T gxCmdQueueWait
0010929c 000001d0 T shaderInstanceInit
0010946c 00000018 T shaderInstanceGetUniformLocation
00109484 0000001c T shaderProgramInit
001094a0 00000064 T shaderProgramFree
00109504 00000080 T shaderProgramSetVsh
00109584 000008e0 T shaderProgramConfigure
00109e64 000001cc t DVLE_GenerateOutmap.part.0
0010a030 000001b4 T DVLB_ParseFile
0010a1e4 00000038 T DVLB_Free
0010a21c 00000074 T DVLE_GetUniformRegister
0010a290 000001ac t aptConvertScreenForCapture
0010a43c 00000008 W aptDspSleep
0010a444 00000004 W aptDspWakeup
0010a448 00000004 W aptDspCancel
0010a44c 00000158 T aptSendCommand
0010a5a8 00000044 t aptExitProcess
0010a5ec 0000038c T aptExit
0010a978 000000e0 T aptHandleSleep
0010aa58 00000030 T aptHook
0010aa88 00000030 T aptUnhook
0010aab8 00000084 T APT_SleepIfShellClosed
0010ab3c 00000084 T aptSetSleepAllowed
0010abc0 00000084 T APT_UnlockTransition
0010ac48 000004a4 t aptEventHandler
0010b0ec 000000b0 T APT_ReceiveParameter
0010b19c 000000ac t aptReceiveParameter.constprop.0
0010b248 000002ac t aptScreenTransfer
0010b4f4 00000320 t aptWaitForWakeUp.isra.0
0010b814 000000f8 T aptJumpToHomeMenu
0010b90c 00000048 T aptMainLoop
0010b954 0000022c T aptInit
0010bb80 0000007c T APT_CheckNew3DS
0010bbfc 000000cc T fsInit
0010bcc8 0000003c T fsExit
0010bd04 00000060 T fsExemptFromSession
0010bd64 00000050 T fsUnexemptFromSession
0010bdb4 000000cc T FSUSER_OpenFile
0010be80 000000d4 T FSUSER_OpenFileDirectly
0010bf54 000000bc T FSUSER_DeleteFile
0010c010 000000f8 T FSUSER_RenameFile
0010c108 000000bc T FSUSER_DeleteDirectory
0010c1c4 000000d4 T FSUSER_CreateFile
0010c298 000000c4 T FSUSER_CreateDirectory
0010c35c 000000f8 T FSUSER_RenameDirectory
0010c454 000000b4 T FSUSER_OpenDirectory
0010c508 00000094 T FSUSER_OpenArchive
0010c59c 0000008c T FSUSER_CloseArchive
0010c628 00000074 T FSUSER_GetSdmcArchiveResource
0010c69c 00000064 T FSUSER_IsSdmcWritable
0010c700 00000058 T FSFILE_Read
0010c758 00000060 T FSFILE_Write
0010c7b8 00000038 T FSFILE_GetSize
0010c7f0 00000028 T FSFILE_SetSize
0010c818 0000003c T FSFILE_Close
0010c854 00000024 T FSFILE_Flush
0010c878 00000050 T FSDIR_Read
0010c8c8 0000003c T FSDIR_Close
0010c904 00000c64 t gspHardwareInit
0010d568 00000248 T gspInit
0010d7b0 000000f0 T gspExit
0010d8a0 00000010 T gspHasGpuRight
0010d8b0 000000a0 T gspPresentBuffer
0010d950 00000030 T gspSetEventCallback
0010d980 00000044 T gspWaitForEvent
0010d9c4 0000004c T gspWaitForAnyEvent
0010da10 00000158 t gspEventThreadMain
0010db68 00000130 T gspSubmitGxCommand
0010dc98 00000050 T GSPGPU_FlushDataCache
0010dce8 00000034 T GSPGPU_SetLcdForceBlack
0010dd1c 00000068 T GSPGPU_AcquireRight
0010dd84 00000048 T GSPGPU_ReleaseRight
0010ddcc 0000007c T GSPGPU_ImportDisplayCaptureInfo
0010de48 0000002c T GSPGPU_SaveVramSysArea
0010de74 0000002c T GSPGPU_RestoreVramSysArea
0010dea0 00000024 W hidShouldUseIrrst
0010dec4 0000018c T hidInit
0010e050 000000e8 T hidExit
0010e138 000002a4 T hidScanInput
0010e3dc 00000010 T hidKeysHeld
0010e3ec 00000010 T hidKeysDown
0010e3fc 00000018 T hidKeysDownRepeat
0010e414 00000018 T hidTouchRead
0010e42c 00000160 T irrstInit
0010e58c 000000cc T irrstExit
0010e658 000000b4 T irrstScanInput
0010e70c 00000024 T irrstKeysHeld
0010e730 00000074 T ptmSysmInit
0010e7a4 0000003c T ptmSysmExit
0010e7e0 00000034 T PTMSYSM_ConfigureNew3DSCPU
0010e814 000000c4 t buffer_read
0010e8d8 000000cc t iov_read
0010e9a4 00000148 t iov_memmove
0010eaec 000001dc t decompress_rle
0010ecc8 00000244 t decompress_lzss
0010ef0c 00000428 t decompress_lz11
0010f334 000002d4 t decompress_huff
0010f608 00000010 T decompressCallback_Stdio
0010f618 000000dc T decompressHeader
0010f6f4 00000240 T decompressV
0010f934 00000074 T rbtree_find
0010f9a8 00000010 T rbtree_init
0010f9b8 000001b0 t do_insert
0010fb68 00000008 T rbtree_insert
0010fb70 00000318 T rbtree_remove
0010fe88 00000090 T rbtree_rotate
0010ff18 000000e8 T utf16_to_utf8
00110000 000000c0 T utf8_to_utf16
001100c0 000001e0 W __system_allocateHeaps
001102a0 00000038 W __libctru_init
001102d8 00000170 W __system_initArgv
00110448 00000030 T __syscall_getreent
00110478 00000064 T __syscall_gettod_r
001104dc 00000004 T __syscall_lock_acquire
001104e0 00000004 T __syscall_lock_release
001104e4 00000004 T __syscall_lock_acquire_recursive
001104e8 00000004 T __syscall_lock_release_recursive
001104ec 00000004 T __syscall_exit
001104f0 00000050 T initThreadVars
00110540 00000080 T __system_initSyscalls
001105c0 T svcControlMemory
001105e0 T svcQueryMemory
00110610 T svcExitProcess
00110618 T svcCreateThread
00110638 T svcExitThread
00110640 T svcSleepThread
00110648 T svcReleaseMutex
00110650 T svcCreateEvent
00110664 T svcSignalEvent
0011066c T svcClearEvent
00110674 T svcMapMemoryBlock
0011067c T svcUnmapMemoryBlock
00110684 T svcCreateAddressArbiter
00110698 T svcArbitrateAddressNoTimeout
001106a0 T svcCloseHandle
001106a8 T svcWaitSynchronization
001106b0 T svcWaitSynchronizationN
001106d8 T svcDuplicateHandle
001106ec T svcGetSystemTick
001106f4 T svcConnectToPort
00110708 T svcSendSyncRequest
00110710 T svcGetResourceLimit
00110724 T svcGetResourceLimitLimitValues
0011072c T svcGetResourceLimitCurrentValues
00110734 T svcBreak
0011073c T __aeabi_read_tp
00110748 W initSystem
00110798 W __ctru_exit
001107ac 00000084 W envGetHandle
00110830 00000050 W envDestroyHandles
00110880 0000012c T srvInit
001109ac 00000058 T srvExit
00110a04 00000060 T srvEnableNotification
00110a64 000000a0 T srvGetServiceHandleDirect
00110b04 00000038 T srvGetServiceHandle
00110b3c 00000034 T srvSubscribe
00110b70 00000060 T srvReceiveNotification
00110bd0 00000038 T srvPublishToSubscriber
00110c08 0000000c T __sync_init
00110c14 00000018 T __sync_fini
00110c2c 0000002c T syncArbitrateAddress
00110c58 000000ac T LightLock_Lock
00110d04 00000040 T LightLock_Unlock
00110d44 00000030 T RecursiveLock_Lock
00110d74 00000054 T RecursiveLock_Unlock
00110dc8 00000040 T LightEvent_Init
00110e08 000000a4 T LightEvent_Clear
00110eac 000000c8 T LightEvent_Signal
00110f74 00000050 T LightEvent_TryWait
00110fc4 000000a0 T LightEvent_Wait
00111064 000001d8 T threadCreate
0011123c 0000002c T threadFree
00111268 00000024 T threadJoin
0011128c 00000030 T threadGetCurrent
001112bc 00000040 T threadExit
001112fc 00000020 t _thread_begin
0011131c 000000b4 t mappableFindAddressWithin
001113d0 00000028 T mappableInit
001113f8 00000080 T mappableAlloc
00111478 00000004 T mappableFree
0011147c 0000000c T srvPmGetSessionHandle
00111488 0000005c T rbtree_node_next
001114e4 00000064 T decode_utf16
00111548 0000013c T decode_utf8
00111684 00000054 T encode_utf16
001116d8 000000e0 T encode_utf8
001117b8 00000030 W __appExit
001117e8 00000030 W __appInit
00111818 00000090 W __libctru_exit
001118a8 00000014 t archive_link
001118bc 00000014 t archive_dirreset
001118d0 00000014 t archive_chmod
001118e4 00000024 t error_cmp
00111908 00000050 t archive_translate_error
00111958 000000c8 t archive_seek
00111a20 0000007c t _archiveInit.part.0
00111a9c 000000c4 t archiveFindDevice.part.0
00111b60 00000280 t archive_utf16path
00111de0 0000009c t _archiveUnmountDeviceStruct.part.0
00111e7c 00000014 t archive_fchmod
00111e90 00000014 t archive_statvfs
00111ea4 00000164 t _archiveMountDevice
00112008 000000e8 t archive_diropen
001120f0 000000a4 t archive_fstat
00112194 0000006c t archive_fsync
00112200 0000006c t archive_close
0011226c 00000070 t archive_dirclose
001122dc 000000e8 t sdmc_statvfs
001123c4 000000ec t archive_chdir
001124b0 0000007c t archive_ftruncate
0011252c 000000ac t archive_read
001125d8 000000a4 t archive_unlink
0011267c 000000bc t archive_rmdir
00112738 000000dc t archive_mkdir
00112814 00000194 t archive_stat
001129a8 00000160 t archive_dirnext
00112b08 00000124 t archive_write
00112c2c 0000020c t archive_open
00112e38 00000278 t archive_rename
001130b0 0000019c T archiveMountSdmc
0011324c 00000054 T archiveUnmountAll
001132a0 0000025c T sinf
001134fc 00000050 T sqrtf
0011354c 00000024 t with_errnof
00113570 0000001c T __math_invalidf
00113590 0000021c T cosf
001137ac 00000008 T __ieee754_sqrtf
001137b4 00000120 T __udivmoddi4
001138d4 000000d8 T strncmp
001139ac 00000130 T strchr
00113adc 0000001c T srand
00113af8 00000044 T rand
00113b3c 0000005c T strlen
00113b98 000000d4 T memcmp
00113c6c 000001e4 t _strtoul_l.isra.0
00113e50 00000034 T strtoul
00113e84 000000e4 T strncat
00113f68 00000078 T bsearch
00113fe0 00000344 T _fread_r
00114324 00000038 T fread
0011435c 00000020 T calloc
0011437c 00000038 t lflush
001143b4 0000019c T __srefill_r
00114550 00000148 T _fclose_r
00114698 00000018 T fclose
001146b0 000000c0 T _calloc_r
00114770 00000144 T __smakebuf_r
001148b4 0000008c T __swhatbuf_r
00114940 00000020 T memalign
00114960 0000001c t stdio_exit_handler
0011497c 0000005c t cleanup_stdio
001149d8 00000154 t global_stdio_init.part.0
00114b2c 00000134 T __sfp
00114c60 0000005c T __sinit
00114cbc 0000000c T __sfp_lock_acquire
00114cc8 0000000c T __sfp_lock_release
00114cd4 000007e8 T _malloc_r
001154bc 000000f8 T _malloc_trim_r
001155b4 00000300 T _free_r
001158b4 00000018 T difftime
001158cc 00000294 T setvbuf
00115b60 0000004c T strnlen
00115bac 0000000c T __errno
00115bb8 00000034 T malloc
00115bec 00000018 T free
00115c04 00000130 T memcpy
00115d34 00000034 T printf
00115d68 00000134 T _fopen_r
00115e9c 00000020 T fopen
00115ebc 0000004c T time
00115f08 000000e8 T memset
00115ff0 00000070 T _fwalk_sglue
00116060 0000000c T __malloc_lock
0011606c 0000000c T __malloc_unlock
00116078 00000004 W __call_exitprocs
0011607c 00000030 T exit
001160ac 0000001c T _fseek_r
001160c8 000000c4 T strncpy
0011618c 000000b4 T __sflags
00116240 00000084 T __libc_init_array
001162c4 00000228 T __sflush_r
001164ec 00000094 T _fflush_r
00116580 00000150 T _memalign_r
001166d0 0000003c T __libc_fini_array
0011670c 0000058c T _fseeko_r
00116c98 00000044 T __sread
00116cdc 00000068 T __swrite
00116d44 00000040 T __sseek
00116d84 00000008 T __sclose
00116d8c 000005e4 t get_arg
00117370 00003330 T _vfprintf_r
0011a6a0 000000b8 t __sbprintf
0011a758 000001b4 t quorem
0011a910 00001370 T _dtoa_r
0011bc80 000000a0 T _wcrtomb_r
0011bd20 00000028 T _wcsrtombs_r
0011bd48 00000194 T __swsetup_r
0011bee0 00000088 T frexp
0011bf68 0000005c T __assert_func
0011bfc4 00000088 T _Balloc
0011c04c 0000001c T _Bfree
0011c068 000000f4 T __multadd
0011c15c 00000080 T __hi0bits
0011c1dc 000000f4 T __lo0bits
0011c2d0 000000a4 T __i2b
0011c374 00000208 T __multiply
0011c57c 00000130 T __pow5mult
0011c6ac 00000138 T __lshift
0011c7e4 00000058 T __mcmp
0011c83c 000001f0 T __mdiff
0011ca2c 00000120 T __d2b
0011cb4c 00000024 T __locale_mb_cur_max
0011cb70 0000003c T fiprintf
0011cbac 000000e0 T memchr
0011cc8c 00000160 T _wcsnrtombs_l
0011cdec 00000064 T _wcsnrtombs_r
0011ce50 00000324 T __utf8_mbtowc
0011d174 00000030 T __sprint_r
0011d1a4 00000014 T abort
0011d1b8 00000024 T _localeconv_r
0011d1dc 000000f0 T __utf8_wctomb
0011d2cc 00000160 T memmove
0011d42c 00000090 T _raise_r
0011d4bc 00000018 T raise
0011d4d4 00000480 T __sfvwrite_r
0011d954 000005e4 t get_arg
0011df38 00002168 T _vfiprintf_r
001200a0 000000b8 t __sbprintf
00120158 000004a4 T _realloc_r
001205fc 00000020 T _exit
0012061c 0000013c T chdir
00120758 000001cc T _concatenate_path
00120924 00000088 T _fstat_r
001209ac 00000014 T _getpid_r
001209c0 0000002c T __getreent
001209ec 00000030 T _gettimeofday_r
00120a1c 0000008c T __release_handle
00120aa8 000000b0 T __alloc_handle
00120b58 0000003c T __get_handle
00120b94 000000f4 T _close_r
00120c88 00000008 t null_write
00120c90 00000018 T setDefaultDevice
00120ca8 000000c8 T FindDevice
00120d70 00000028 T RemoveDevice
00120d98 00000098 T AddDevice
00120e30 00000020 T GetDeviceOpTab
00120e50 00000008 T _isatty_r
00120e58 00000014 T _kill_r
00120e6c 0000008c T _lseek_r
00120ef8 000000bc T _open_r
00120fb4 00000088 T _read_r
0012103c 00000078 W _sbrk_r
001210b4 0000001c T __libc_lock_acquire
001210d0 0000001c T __libc_lock_release
001210ec 0000001c T __libc_lock_acquire_recursive
00121108 0000001c T __libc_lock_release_recursive
00121124 00000088 T _write_r
001211ac 00000048 T strrchr
001211f4 T _fini
00122134 r .LC2
00122258 00000008 r s_defaultTint.0
00122260 R render2d_shbin
001223ec R render2d_shbin_end
001223ec R render2d_shbin_size
001223f0 00000004 r depthFmtSizes
001223f4 00000005 r colorFmtSizes
001223fc 00000010 r CSWTCH.11
0012240c 00000038 r CSWTCH.19
00122444 00000080 r romFS_devoptab
001224c4 00000008 r morton_y.2
001224cc 00000008 r morton_x.3
001224d4 00000008 r s_sleepWakeEvents.4
001224dc 00000030 r error_table
0012250c 00000080 r archive_devoptab
0012258c 00000060 R __inv_pio4
001225f0 000000e0 R __sincosf_table
001226d0 00000101 R _ctype_
001228f8 00000010 r zeroes.0
00122908 00000010 r blanks.1
00122920 0000006c R __action_table
0012298c 0000006c R __state_table
001229f8 00000100 R __chclass
00122af8 0000000c r p05.0
00122b08 00000028 R __mprec_bigtens
00122b30 000000c8 R __mprec_tens
00122ce4 00000010 r zeroes.0
00122cf4 00000010 r blanks.1
00122d04 00000080 R dotab_stdnull
00122d84 R __tdata_align
00122d88 r __EH_FRAME_BEGIN__
00122d88 R __exidx_end
00122d88 R __exidx_start
00123000 00000008 d framerateCounter
00123008 00000004 d framerate
0012300c 00000004 d queueLock
00123010 00000004 d aptChainloadDeliverArgSize
00123014 00000004 d kCount
00123018 00000004 d kInterval
0012301c 00000004 d kDelay
00123020 W __stacksize__
00123024 00000004 D _impure_ptr
00123028 00000120 D _impure_data
00123148 0000000c D __sglue
00123154 00000004 D __malloc_sbrk_base
00123158 00000004 D __malloc_trim_threshold
00123160 00000408 D __malloc_av_
00123568 0000016c D __global_locale
001236d4 00000400 d _current_working_directory
00123ad8 00001000 d handles
00124ad8 0000000c d __stderr_handle
00124ae4 0000000c d __stdout_handle
00124af0 0000000c d __stdin_handle
00124afc 0000008c D devoptab_list
00124b88 00000004 d defaultDevice
00124b94 d _GLOBAL_OFFSET_TABLE_
00124ba0 d __frame_dummy_init_array_entry
00124ba0 D __init_array_start
00124ba0 B __preinit_array_end
00124ba0 B __preinit_array_start
00124ba0 D __tdata_lma
00124ba0 D __tdata_lma_end
00124ba4 d __do_global_dtors_aux_fini_array_entry
00124ba4 D __fini_array_start
00124ba4 D __init_array_end
00124ba8 D __bss_start__
00124ba8 D __fini_array_end
00124ba8 00000004 b mines_left
00124bac 00000001 b game_over
00124bad 00000001 b game_won
00124bb0 00000004 b minutes
00124bb4 00000004 b seconds
00124bb8 00000004 b spriteSheet
00124bc0 00000030 b victory_sprite
00124bf0 00000030 b defeat_sprite
00124c20 00000030 b marker
00124c50 00000030 b timer
00124c80 00000008 b square_cursor_coords
00124c88 00000004 b frame_counter
00124c8c 00001200 b board
00125e90 00006c00 b sprites
0012ca90 b completed.1
0012ca94 b object.0
0012cab0 000005a8 B __C2Di_Context
0012d058 00000040 b s_projBot
0012d098 00000040 b s_projTop
0012d0d8 00000004 b uLoc_mdlvMtx
0012d0dc 00000004 b uLoc_projMtx
0012d0e0 0000000c b hookCookie
0012d0f0 000002d0 B __C3D_Context
0012d3c0 00000004 b frameEndCbData
0012d3c4 00000004 b frameEndCb
0012d3c8 00000008 b frameCounter
0012d3d0 00000001 b isTopStereo
0012d3d1 00000001 b needSwapBot
0012d3d2 00000001 b needSwapTop
0012d3d3 00000001 b measureGpuTime
0012d3d4 00000001 b inSafeTransfer
0012d3d5 00000001 b inFrame
0012d3d8 00000010 b cpuTime
0012d3e8 00000010 b gpuTime
0012d3f8 0000000c b linkedTarget
0012d404 00000004 b lastTarget
0012d408 00000004 b firstTarget
0012d40c 00000008 b C3Di_IVUnifEverDirty
0012d414 000000c0 b C3Di_FVUnifEverDirty
0012d4d4 00000018 b C3Di_ShaderFVecData
0012d4ec 00000002 B C3D_BoolUnifsDirty
0012d4f0 00000008 B C3D_IVUnifDirty
0012d4f8 000000c0 B C3D_FVUnifDirty
0012d5b8 00000004 B C3D_BoolUnifs
0012d5bc 00000020 B C3D_IVUnif
0012d5dc 00000c00 B C3D_FVUnif
0012e1e0 00000008 b sLinearPool
0012e1e8 0000000c b sAddrMap
0012e1f8 00000008 b sVramPoolB
0012e200 00000008 b sVramPoolA
0012e208 0000000c b sAddrMap
0012e214 00000004 b screenAlloc
0012e218 00000004 b screenFree
0012e21c 00000002 b gfxIsDoubleBuf
0012e220 00000002 b gfxCurBuf
0012e222 00000001 b gfxIsVram
0012e223 00000001 b gfxTopMode
0012e224 00000002 b gfxFramebufferFormats
0012e228 00000004 b gfxBottomFramebufferMaxSize
0012e22c 00000004 b gfxTopFramebufferMaxSize
0012e230 00000008 b gfxBottomFramebuffers
0012e238 00000008 b gfxTopFramebuffers
0012e240 00000001 V __ctru_speedup
0012e244 00000004 b romfs_mount_list
0012e248 00000004 V __romfs_path
0012e24c 00000004 B gpuCmdBufOffset
0012e250 00000004 B gpuCmdBufSize
0012e254 00000004 B gpuCmdBuf
0012e258 00000004 b boundQueue
0012e25c 00000001 b shouldStop
0012e25d 00000001 b isRunning
0012e25e 00000001 b isActive
0012e260 00000004 b curQueue
0012e264 00000001 b flagValue.0
0012e265 00000001 b flagInit.1
0012e268 00000004 b serviceName.6
0012e26c 00000001 b aptChainloadFlags
0012e26d 00000001 b aptChainloadMediatype
0012e270 00000020 b aptChainloadHmac
0012e290 00000300 b aptChainloadDeliverArg
0012e590 00000008 b aptChainloadTid
0012e598 00001000 b aptParameters
0012f598 00000004 b aptFlags
0012f59c 00000001 b aptHomeButtonState
0012f5a0 00000004 b aptMessageFuncData
0012f5a4 00000004 b aptMessageFunc
0012f5a8 0000000c b aptFirstHook
0012f5b4 00000001 b aptEventHandlerThreadQuit
0012f5b8 00000004 b aptEventHandlerThread
0012f5bc 00000008 b aptSleepEvent
0012f5c4 00000008 b aptReceiveEvent
0012f5cc 00000008 b aptEvents
0012f5d4 00000004 b aptLockHandle
0012f5d8 00000004 b aptRefCount
0012f5e0 00000080 b fsExemptArchives
0012f660 00000004 b fsuRefCount
0012f664 00000004 b fsuHandle
0012f668 00000007 b gspEventCbOneShot
0012f670 0000001c b gspEventCbData
0012f68c 0000001c b gspEventCb
0012f6a8 00000038 b gspEvents
0012f6e0 00000004 b gspLastEvent
0012f6e4 00000001 b gspRunEvents
0012f6e8 00000004 b gspEventThread
0012f6ec 00000004 b gspEvent
0012f6f0 00000001 b gspGpuRight
0012f6f1 00000001 b gspThreadId
0012f6f4 00000004 b gspSharedMem
0012f6f8 00000004 b gspSharedMemHandle
0012f6fc 00000004 b gspRefCount
0012f700 00000004 b gspGpuHandle
0012f704 00000001 b usingIrrst
0012f708 00000004 b hidRefCount
0012f70c 00000006 b gRate
0012f714 00000006 b aVec
0012f71c 00000004 b cPos
0012f720 00000004 b tPos
0012f724 00000004 b kRepeat
0012f728 00000004 b kUp
0012f72c 00000004 b kDown
0012f730 00000004 b kHeld
0012f734 00000004 b kOld
0012f738 00000004 B hidSharedMem
0012f73c 00000014 B hidEvents
0012f750 00000004 B hidMemHandle
0012f754 00000004 B hidHandle
0012f758 00000004 b irrstRefCount
0012f75c 00000004 b csPos
0012f760 00000004 b kHeld
0012f764 00000004 B irrstSharedMem
0012f768 00000004 B irrstEvent
0012f76c 00000004 B irrstMemHandle
0012f770 00000004 B irrstHandle
0012f774 00000004 b ptmSysmRefCount
0012f778 00000004 b ptmSysmHandle
0012f77c 00000004 V __ctru_linear_heap_size
0012f780 00000004 V __ctru_heap_size
0012f784 00000004 B __ctru_linear_heap
0012f788 00000004 B __ctru_heap
0012f78c 00000004 B __system_retAddr
0012f790 00000004 B __system_argv
0012f794 00000004 B __system_argc
0012f798 b saved_stack
0012f7a0 00000004 B __3dslink_host
0012f7a4 00000004 b srvRefCount
0012f7a8 00000004 b srvHandle
0012f7ac 00000004 b arbiter
0012f7b0 00000004 b currentAddr
0012f7b4 00000004 b maxAddr
0012f7b8 00000004 b minAddr
0012f7bc 00000004 b srvPmHandle
0012f7c0 000005c0 b archive_devices
0012fd80 00000004 b archive_device_cwd
0012fd84 00000001 b archive_initialized
0012fd88 0000000c b __sfp_recursive_mutex
0012fd98 00000168 B __sf
0012ff00 00000004 B __stdio_exit_handler
0012ff04 00000028 B __malloc_current_mallinfo
0012ff2c 00000004 B __malloc_max_total_mem
0012ff30 00000004 B __malloc_max_sbrked_mem
0012ff34 00000004 B __malloc_top_pad
0012ff38 0000000c b __malloc_recursive_mutex
0012ff44 00000400 b temp_cwd
00130344 00000004 b __hndl_lock
00130348 00000004 B fake_heap_start
0013034c 00000004 B fake_heap_end
00130350 00000004 b heap_start.0
00130354 B __tls_start
00130f5c B __bss_end__
00130f5c A __end__
00130f5c B __tls_end
